0 info it worked if it ends with ok
1 verbose cli [ 'C:\\Program Files\\nodejs\\node.exe',
1 verbose cli   'C:\\Program Files\\nodejs\\node_modules\\npm\\bin\\npm-cli.js',
1 verbose cli   'start' ]
2 info using npm@3.10.10
3 info using node@v6.11.2
4 verbose run-script [ 'prestart', 'start', 'poststart' ]
5 info lifecycle ERPDataInterface@0.2.6~prestart: ERPDataInterface@0.2.6
6 silly lifecycle ERPDataInterface@0.2.6~prestart: no script for prestart, continuing
7 info lifecycle ERPDataInterface@0.2.6~start: ERPDataInterface@0.2.6
8 verbose lifecycle ERPDataInterface@0.2.6~start: unsafe-perm in lifecycle true
9 verbose lifecycle ERPDataInterface@0.2.6~start: PATH: C:\Program Files\nodejs\node_modules\npm\bin\node-gyp-bin;D:\Documents\Coding\OSU\CS340\project\ERPDataInterface\node_modules\.bin;C:\Users\Sean\bin;C:\Program Files\Git\mingw64\bin;C:\Program Files\Git\usr\local\bin;C:\Program Files\Git\usr\bin;C:\Program Files\Git\usr\bin;C:\Program Files\Git\mingw64\bin;C:\Program Files\Git\usr\bin;C:\Users\Sean\bin;C:\Program Files\Microsoft MPI\Bin;C:\program files (x86)\intel\icls client;C:\program files\intel\icls client;C:\programdata\oracle\java\javapath;C:\windows\system32;C:\windows;C:\windows\system32\wbem;C:\windows\system32\windowspowershell\v1.0;C:\mingw\bin;C:\python27;C:\program files (x86)\intel\intel(r) management engine components\dal;C:\program files\intel\intel(r) management engine components\dal;C:\program files (x86)\intel\intel(r) management engine components\ipt;C:\program files\intel\intel(r) management engine components\ipt;C:\program files\git\cmd;C:\Program Files\Microsoft SQL Server\130\Tools\Binn;C:\Program Files (x86)\Windows Kits\8.1\Windows Performance Toolkit;C:\Program Files (x86)\Windows Kits\10\Windows Performance Toolkit;C:\Program Files\Java\jdk1.8.0_111\bin;C:\Program Files (x86)\Java\jre1.8.0_111\bin;C:\Program Files\nodejs;C:\Program Files (x86)\Microsoft SQL Server\130\Tools\Binn;C:\Program Files (x86)\Microsoft SQL Server\130\DTS\Binn;C:\Program Files\Microsoft SQL Server\130\DTS\Binn;C:\Program Files\Microsoft SQL Server\Client SDK\ODBC\130\Tools\Binn;C:\Program Files\MySQL\MySQL Utilities 1.6;C:\Program Files (x86)\Brackets\command;C:\Program Files\PuTTY;C:\Program Files (x86)\QuickTime\QTSystem;C:\Program Files (x86)\CodeBlocks;C:\Program Files\MySQL\MySQL Server 5.7\bin;C:\WINDOWS\system32;C:\WINDOWS;C:\WINDOWS\System32\Wbem;C:\WINDOWS\System32\WindowsPowerShell\v1.0;C:\Users\Sean\AppData\Local\Programs\Python\Python36\Scripts;C:\Users\Sean\AppData\Local\Programs\Python\Python36;C:\Users\Sean\AppData\Local\Microsoft\WindowsApps;C:\Users\Sean\AppData\Local\atom\bin;INCLUDE="C;C:\Program Files\Git\Program Files (x86)\Windows Kits\10\Include\10.0.10240.0\ucrt";C:\Users\Sean\AppData\Roaming\npm;C:\Users\Sean\AppData\Local\atom\bin;C:\Program Files\Heroku\bin;%USERPROFILE%\AppData\Local\Microsoft\WindowsApps;C:\Program Files\Git\usr\bin\vendor_perl;C:\Program Files\Git\usr\bin\core_perl
10 verbose lifecycle ERPDataInterface@0.2.6~start: CWD: D:\Documents\Coding\OSU\CS340\project\ERPDataInterface
11 silly lifecycle ERPDataInterface@0.2.6~start: Args: [ '/d /s /c', 'node app.js' ]
12 silly lifecycle ERPDataInterface@0.2.6~start: Returned: code: 1  signal: null
13 info lifecycle ERPDataInterface@0.2.6~start: Failed to exec start script
14 verbose stack Error: ERPDataInterface@0.2.6 start: `node app.js`
14 verbose stack Exit status 1
14 verbose stack     at EventEmitter.<anonymous> (C:\Program Files\nodejs\node_modules\npm\lib\utils\lifecycle.js:255:16)
14 verbose stack     at emitTwo (events.js:106:13)
14 verbose stack     at EventEmitter.emit (events.js:191:7)
14 verbose stack     at ChildProcess.<anonymous> (C:\Program Files\nodejs\node_modules\npm\lib\utils\spawn.js:40:14)
14 verbose stack     at emitTwo (events.js:106:13)
14 verbose stack     at ChildProcess.emit (events.js:191:7)
14 verbose stack     at maybeClose (internal/child_process.js:891:16)
14 verbose stack     at Process.ChildProcess._handle.onexit (internal/child_process.js:226:5)
15 verbose pkgid ERPDataInterface@0.2.6
16 verbose cwd D:\Documents\Coding\OSU\CS340\project\ERPDataInterface
17 error Windows_NT 10.0.16299
18 error argv "C:\\Program Files\\nodejs\\node.exe" "C:\\Program Files\\nodejs\\node_modules\\npm\\bin\\npm-cli.js" "start"
19 error node v6.11.2
20 error npm  v3.10.10
21 error code ELIFECYCLE
22 error ERPDataInterface@0.2.6 start: `node app.js`
22 error Exit status 1
23 error Failed at the ERPDataInterface@0.2.6 start script 'node app.js'.
23 error Make sure you have the latest version of node.js and npm installed.
23 error If you do, this is most likely a problem with the ERPDataInterface package,
23 error not with npm itself.
23 error Tell the author that this fails on your system:
23 error     node app.js
23 error You can get information on how to open an issue for this project with:
23 error     npm bugs ERPDataInterface
23 error Or if that isn't available, you can get their info via:
23 error     npm owner ls ERPDataInterface
23 error There is likely additional logging output above.
24 verbose exit [ 1, true ]
